<?xml version="1.0" encoding="UTF-8"?>
<!-- Generated by org.testng.reporters.JUnitXMLReporter -->
<testsuite ignored="0" hostname="LAPTOP-RO9OBKAQ" failures="1" tests="2" name="homeTesting" time="39.497" errors="0" timestamp="2021-10-29T13:18:05 IST">
  <testcase classname="pack1.Hometest" name="method" time="5.167"/>
  <testcase classname="pack1.Hometest" name="validateTitle" time="0.057">
    <failure type="java.lang.AssertionError" message="Harry Potter Box Set Books expected [true] but found [false]">
      <![CDATA[java.lang.AssertionError: Harry Potter Box Set Books expected [true] but found [false]
at pack1.Hometest.validateTitle(Hometest.java:36)
at java.base/java.util.ArrayList.forEach(ArrayList.java:1511)
... Removed 30 stack frames]]>
    </failure>
  </testcase> <!-- validateTitle -->
</testsuite> <!-- homeTesting -->
